17:37:02.964 [print] https://gorest.co.in
ed: java.lang.ClassNotFoundException: com.api-testautomation-framework.APITestBase
17:36:23.242 failed function body: function(){
  karate.configure('connectTimeout', 180000);
  karate.configure('readTimeout', 180000);
    var apitestbase = Java.type('com.api-testautomation-framework.APITestBase');
    properties = apitestbase.returnAllProperties();
  //Send Properties to Karate
  for(var key in properties) {
      karate.properties[key]=properties[key];
  }
}
17:36:23.243 evaluation of 'karate-config.js' failed: javascript function call failed: java.lang.ClassNotFoundException: com.api-testautomation-framework.APITestBase
se
